# JRE version: OpenJDK Runtime Environment (8.0_402-b06) (build 1.8.0_402-b06)
# Java VM: OpenJDK 64-Bit Server VM (25.402-b06 mixed mode windows-amd64 compressed oops)
Heap:
 PSYoungGen      total 101888K, used 17954K [0x00000000e0b80000, 0x00000000eea80000, 0x0000000100000000)
  eden space 98304K, 18% used [0x00000000e0b80000,0x00000000e1d088b8,0x00000000e6b80000)
  from space 3584K, 0% used [0x00000000e6b80000,0x00000000e6b80000,0x00000000e6f00000)
  to   space 15872K, 0% used [0x00000000edb00000,0x00000000edb00000,0x00000000eea80000)
 ParOldGen       total 76288K, used 24879K [0x00000000a2200000, 0x00000000a6c80000, 0x00000000e0b80000)
  object space 76288K, 32% used [0x00000000a2200000,0x00000000a3a4bf18,0x00000000a6c80000)
 Metaspace       used 21975K, capacity 22260K, committed 22656K, reserved 1069056K
  class space    used 2753K, capacity 2860K, committed 2944K, reserved 1048576K
GC Heap History (10 events):
Event: 0.926 GC heap before
{Heap before GC invocations=2 (full 0):
 PSYoungGen      total 28160K, used 28145K [0x00000000e0b80000, 0x00000000e4280000, 0x0000000100000000)
  eden space 24576K, 100% used [0x00000000e0b80000,0x00000000e2380000,0x00000000e2380000)
  from space 3584K, 99% used [0x00000000e2380000,0x00000000e26fc4c8,0x00000000e2700000)
  to   space 3584K, 0% used [0x00000000e3f00000,0x00000000e3f00000,0x00000000e4280000)
 ParOldGen       total 64512K, used 951K [0x00000000a2200000, 0x00000000a6100000, 0x00000000e0b80000)
  object space 64512K, 1% used [0x00000000a2200000,0x00000000a22edcd8,0x00000000a6100000)
 Metaspace       used 8141K, capacity 8344K, committed 8448K, reserved 1056768K
  class space    used 901K, capacity 968K, committed 1024K, reserved 1048576K
Event: 0.932 GC heap after
Heap after GC invocations=2 (full 0):
 PSYoungGen      total 52736K, used 3552K [0x00000000e0b80000, 0x00000000e4280000, 0x0000000100000000)
  eden space 49152K, 0% used [0x00000000e0b80000,0x00000000e0b80000,0x00000000e3b80000)
  from space 3584K, 99% used [0x00000000e3f00000,0x00000000e4278020,0x00000000e4280000)
  to   space 3584K, 0% used [0x00000000e3b80000,0x00000000e3b80000,0x00000000e3f00000)
 ParOldGen       total 64512K, used 3301K [0x00000000a2200000, 0x00000000a6100000, 0x00000000e0b80000)
  object space 64512K, 5% used [0x00000000a2200000,0x00000000a25397b8,0x00000000a6100000)
 Metaspace       used 8141K, capacity 8344K, committed 8448K, reserved 1056768K
  class space    used 901K, capacity 968K, committed 1024K, reserved 1048576K
}
Event: 1.600 GC heap before
{Heap before GC invocations=3 (full 0):
 PSYoungGen      total 52736K, used 52704K [0x00000000e0b80000, 0x00000000e4280000, 0x0000000100000000)
  eden space 49152K, 100% used [0x00000000e0b80000,0x00000000e3b80000,0x00000000e3b80000)
  from space 3584K, 99% used [0x00000000e3f00000,0x00000000e4278020,0x00000000e4280000)
  to   space 3584K, 0% used [0x00000000e3b80000,0x00000000e3b80000,0x00000000e3f00000)
 ParOldGen       total 64512K, used 3301K [0x00000000a2200000, 0x00000000a6100000, 0x00000000e0b80000)
  object space 64512K, 5% used [0x00000000a2200000,0x00000000a25397b8,0x00000000a6100000)
 Metaspace       used 13577K, capacity 13796K, committed 14080K, reserved 1060864K
  class space    used 1670K, capacity 1738K, committed 1792K, reserved 1048576K
Event: 1.607 GC heap after
Heap after GC invocations=3 (full 0):
 PSYoungGen      total 52736K, used 3552K [0x00000000e0b80000, 0x00000000e7280000, 0x0000000100000000)
  eden space 49152K, 0% used [0x00000000e0b80000,0x00000000e0b80000,0x00000000e3b80000)
  from space 3584K, 99% used [0x00000000e3b80000,0x00000000e3ef8020,0x00000000e3f00000)
  to   space 3584K, 0% used [0x00000000e6f00000,0x00000000e6f00000,0x00000000e7280000)
 ParOldGen       total 64512K, used 12434K [0x00000000a2200000, 0x00000000a6100000, 0x00000000e0b80000)
  object space 64512K, 19% used [0x00000000a2200000,0x00000000a2e24ae8,0x00000000a6100000)
 Metaspace       used 13577K, capacity 13796K, committed 14080K, reserved 1060864K
  class space    used 1670K, capacity 1738K, committed 1792K, reserved 1048576K
}
Event: 2.448 GC heap before
{Heap before GC invocations=4 (full 0):
 PSYoungGen      total 52736K, used 52704K [0x00000000e0b80000, 0x00000000e7280000, 0x0000000100000000)
  eden space 49152K, 100% used [0x00000000e0b80000,0x00000000e3b80000,0x00000000e3b80000)
  from space 3584K, 99% used [0x00000000e3b80000,0x00000000e3ef8020,0x00000000e3f00000)
  to   space 3584K, 0% used [0x00000000e6f00000,0x00000000e6f00000,0x00000000e7280000)
 ParOldGen       total 64512K, used 12434K [0x00000000a2200000, 0x00000000a6100000, 0x00000000e0b80000)
  object space 64512K, 19% used [0x00000000a2200000,0x00000000a2e24ae8,0x00000000a6100000)
 Metaspace       used 19330K, capacity 19594K, committed 19968K, reserved 1067008K
  class space    used 2475K, capacity 2551K, committed 2560K, reserved 1048576K
Event: 2.459 GC heap after
Heap after GC invocations=4 (full 0):
 PSYoungGen      total 101888K, used 3552K [0x00000000e0b80000, 0x00000000e7280000, 0x0000000100000000)
  eden space 98304K, 0% used [0x00000000e0b80000,0x00000000e0b80000,0x00000000e6b80000)
  from space 3584K, 99% used [0x00000000e6f00000,0x00000000e7278020,0x00000000e7280000)
  to   space 3584K, 0% used [0x00000000e6b80000,0x00000000e6b80000,0x00000000e6f00000)
 ParOldGen       total 64512K, used 21942K [0x00000000a2200000, 0x00000000a6100000, 0x00000000e0b80000)
  object space 64512K, 34% used [0x00000000a2200000,0x00000000a376d938,0x00000000a6100000)
 Metaspace       used 19330K, capacity 19594K, committed 19968K, reserved 1067008K
  class space    used 2475K, capacity 2551K, committed 2560K, reserved 1048576K
}
Event: 2.924 GC heap before
{Heap before GC invocations=5 (full 0):
 PSYoungGen      total 101888K, used 27494K [0x00000000e0b80000, 0x00000000e7280000, 0x0000000100000000)
  eden space 98304K, 24% used [0x00000000e0b80000,0x00000000e22e19f8,0x00000000e6b80000)
  from space 3584K, 99% used [0x00000000e6f00000,0x00000000e7278020,0x00000000e7280000)
  to   space 3584K, 0% used [0x00000000e6b80000,0x00000000e6b80000,0x00000000e6f00000)
 ParOldGen       total 64512K, used 21942K [0x00000000a2200000, 0x00000000a6100000, 0x00000000e0b80000)
  object space 64512K, 34% used [0x00000000a2200000,0x00000000a376d938,0x00000000a6100000)
 Metaspace       used 20822K, capacity 21060K, committed 21248K, reserved 1067008K
  class space    used 2629K, capacity 2724K, committed 2816K, reserved 1048576K
Event: 2.933 GC heap after
Heap after GC invocations=5 (full 0):
 PSYoungGen      total 101888K, used 3552K [0x00000000e0b80000, 0x00000000eea80000, 0x0000000100000000)
  eden space 98304K, 0% used [0x00000000e0b80000,0x00000000e0b80000,0x00000000e6b80000)
  from space 3584K, 99% used [0x00000000e6b80000,0x00000000e6ef8020,0x00000000e6f00000)
  to   space 15872K, 0% used [0x00000000edb00000,0x00000000edb00000,0x00000000eea80000)
 ParOldGen       total 64512K, used 25399K [0x00000000a2200000, 0x00000000a6100000, 0x00000000e0b80000)
  object space 64512K, 39% used [0x00000000a2200000,0x00000000a3acdd50,0x00000000a6100000)
 Metaspace       used 20822K, capacity 21060K, committed 21248K, reserved 1067008K
  class space    used 2629K, capacity 2724K, committed 2816K, reserved 1048576K
}
Event: 2.933 GC heap before
{Heap before GC invocations=6 (full 1):
 PSYoungGen      total 101888K, used 3552K [0x00000000e0b80000, 0x00000000eea80000, 0x0000000100000000)
  eden space 98304K, 0% used [0x00000000e0b80000,0x00000000e0b80000,0x00000000e6b80000)
  from space 3584K, 99% used [0x00000000e6b80000,0x00000000e6ef8020,0x00000000e6f00000)
  to   space 15872K, 0% used [0x00000000edb00000,0x00000000edb00000,0x00000000eea80000)
 ParOldGen       total 64512K, used 25399K [0x00000000a2200000, 0x00000000a6100000, 0x00000000e0b80000)
  object space 64512K, 39% used [0x00000000a2200000,0x00000000a3acdd50,0x00000000a6100000)
 Metaspace       used 20822K, capacity 21060K, committed 21248K, reserved 1067008K
  class space    used 2629K, capacity 2724K, committed 2816K, reserved 1048576K
Event: 3.001 GC heap after
Heap after GC invocations=6 (full 1):
 PSYoungGen      total 101888K, used 0K [0x00000000e0b80000, 0x00000000eea80000, 0x0000000100000000)
  eden space 98304K, 0% used [0x00000000e0b80000,0x00000000e0b80000,0x00000000e6b80000)
  from space 3584K, 0% used [0x00000000e6b80000,0x00000000e6b80000,0x00000000e6f00000)
  to   space 15872K, 0% used [0x00000000edb00000,0x00000000edb00000,0x00000000eea80000)
 ParOldGen       total 76288K, used 24879K [0x00000000a2200000, 0x00000000a6c80000, 0x00000000e0b80000)
  object space 76288K, 32% used [0x00000000a2200000,0x00000000a3a4bf18,0x00000000a6c80000)
 Metaspace       used 20822K, capacity 21060K, committed 21248K, reserved 1067008K
  class space    used 2629K, capacity 2724K, committed 2816K, reserved 1048576K
}

